{"meta": {"format": 3, "version": "7.11.0", "timestamp": "2025-11-07T14:07:02.222813", "branch_coverage": false, "show_contexts": false}, "files": {"src/futures_roll_analysis/__init__.py": {"executed_lines": [1, 9, 12, 13, 18], "summary": {"covered_lines": 4, "num_statements": 4, "percent_covered": 100.0, "percent_covered_display": "100", "missing_lines": 0, "excluded_lines": 2}, "missing_lines": [], "excluded_lines": [14, 15], "functions": {"": {"executed_lines": [1, 9, 12, 13, 18], "summary": {"covered_lines": 4, "num_statements": 4, "percent_covered": 100.0, "percent_covered_display": "100", "missing_lines": 0, "excluded_lines": 2}, "missing_lines": [], "excluded_lines": [14, 15]}}, "classes": {"": {"executed_lines": [1, 9, 12, 13, 18], "summary": {"covered_lines": 4, "num_statements": 4, "percent_covered": 100.0, "percent_covered_display": "100", "missing_lines": 0, "excluded_lines": 2}, "missing_lines": [], "excluded_lines": [14, 15]}}}, "src/futures_roll_analysis/analysis.py": {"executed_lines": [1, 3, 4, 5, 7, 8, 10, 11, 12, 13, 22, 23, 24, 25, 33, 34, 36, 39, 290, 433, 448, 470, 471, 474, 475, 480, 481, 484], "summary": {"covered_lines": 28, "num_statements": 224, "percent_covered": 12.5, "percent_covered_display": "12", "missing_lines": 196, "excluded_lines": 0}, "missing_lines": [45, 46, 47, 48, 49, 50, 51, 53, 54, 55, 62, 63, 65, 66, 68, 71, 72, 73, 74, 76, 78, 79, 81, 83, 84, 85, 86, 87, 88, 90, 98, 100, 102, 103, 104, 105, 108, 109, 110, 115, 116, 120, 121, 127, 128, 129, 132, 133, 134, 135, 136, 150, 151, 152, 153, 156, 157, 158, 160, 161, 162, 165, 166, 167, 168, 169, 170, 171, 172, 174, 175, 177, 178, 183, 185, 193, 194, 195, 200, 201, 203, 204, 205, 206, 211, 212, 213, 220, 221, 223, 224, 225, 228, 230, 237, 238, 239, 247, 248, 249, 250, 251, 253, 260, 261, 262, 263, 265, 271, 295, 296, 297, 298, 299, 301, 302, 303, 311, 313, 314, 315, 316, 317, 319, 321, 324, 325, 326, 328, 329, 331, 333, 334, 335, 343, 345, 354, 355, 356, 361, 362, 366, 367, 372, 373, 374, 375, 376, 390, 391, 392, 393, 395, 396, 397, 399, 400, 403, 404, 405, 406, 407, 408, 409, 411, 413, 419, 434, 435, 436, 437, 438, 439, 440, 441, 442, 443, 444, 445, 449, 454, 455, 456, 457, 458, 459, 460, 461, 462, 463, 464, 465, 466, 467, 472, 483], "excluded_lines": [], "functions": {"run_bucket_analysis": {"executed_lines": [], "summary": {"covered_lines": 0, "num_statements": 109, "percent_covered": 0.0, "percent_covered_display": "0", "missing_lines": 109, "excluded_lines": 0}, "missing_lines": [45, 46, 47, 48, 49, 50, 51, 53, 54, 55, 62, 63, 65, 66, 68, 71, 72, 73, 74, 76, 78, 79, 81, 83, 84, 85, 86, 87, 88, 90, 98, 100, 102, 103, 104, 105, 108, 109, 110, 115, 116, 120, 121, 127, 128, 129, 132, 133, 134, 135, 136, 150, 151, 152, 153, 156, 157, 158, 160, 161, 162, 165, 166, 167, 168, 169, 170, 171, 172, 174, 175, 177, 178, 183, 185, 193, 194, 195, 200, 201, 203, 204, 205, 206, 211, 212, 213, 220, 221, 223, 224, 225, 228, 230, 237, 238, 239, 247, 248, 249, 250, 251, 253, 260, 261, 262, 263, 265, 271], "excluded_lines": []}, "run_daily_analysis": {"executed_lines": [], "summary": {"covered_lines": 0, "num_statements": 58, "percent_covered": 0.0, "percent_covered_display": "0", "missing_lines": 58, "excluded_lines": 0}, "missing_lines": [295, 296, 297, 298, 299, 301, 302, 303, 311, 313, 314, 315, 316, 317, 319, 321, 324, 325, 326, 328, 329, 331, 333, 334, 335, 343, 345, 354, 355, 356, 361, 362, 366, 367, 372, 373, 374, 375, 376, 390, 391, 392, 393, 395, 396, 397, 399, 400, 403, 404, 405, 406, 407, 408, 409, 411, 413, 419], "excluded_lines": []}, "_load_metadata": {"executed_lines": [], "summary": {"covered_lines": 0, "num_statements": 12, "percent_covered": 0.0, "percent_covered_display": "0", "missing_lines": 12, "excluded_lines": 0}, "missing_lines": [434, 435, 436, 437, 438, 439, 440, 441, 442, 443, 444, 445], "excluded_lines": []}, "_front_volume_series": {"executed_lines": [], "summary": {"covered_lines": 0, "num_statements": 15, "percent_covered": 0.0, "percent_covered_display": "0", "missing_lines": 15, "excluded_lines": 0}, "missing_lines": [449, 454, 455, 456, 457, 458, 459, 460, 461, 462, 463, 464, 465, 466, 467], "excluded_lines": []}, "_session_event_summary": {"executed_lines": [471, 474, 475, 480, 481, 484], "summary": {"covered_lines": 6, "num_statements": 8, "percent_covered": 75.0, "percent_covered_display": "75", "missing_lines": 2, "excluded_lines": 0}, "missing_lines": [472, 483], "excluded_lines": []}, "": {"executed_lines": [1, 3, 4, 5, 7, 8, 10, 11, 12, 13, 22, 23, 24, 25, 33, 34, 36, 39, 290, 433, 448, 470], "summary": {"covered_lines": 22, "num_statements": 22, "percent_covered": 100.0, "percent_covered_display": "100", "missing_lines": 0, "excluded_lines": 0}, "missing_lines": [], "excluded_lines": []}}, "classes": {"": {"executed_lines": [1, 3, 4, 5, 7, 8, 10, 11, 12, 13, 22, 23, 24, 25, 33, 34, 36, 39, 290, 433, 448, 470, 471, 474, 475, 480, 481, 484], "summary": {"covered_lines": 28, "num_statements": 224, "percent_covered": 12.5, "percent_covered_display": "12", "missing_lines": 196, "excluded_lines": 0}, "missing_lines": [45, 46, 47, 48, 49, 50, 51, 53, 54, 55, 62, 63, 65, 66, 68, 71, 72, 73, 74, 76, 78, 79, 81, 83, 84, 85, 86, 87, 88, 90, 98, 100, 102, 103, 104, 105, 108, 109, 110, 115, 116, 120, 121, 127, 128, 129, 132, 133, 134, 135, 136, 150, 151, 152, 153, 156, 157, 158, 160, 161, 162, 165, 166, 167, 168, 169, 170, 171, 172, 174, 175, 177, 178, 183, 185, 193, 194, 195, 200, 201, 203, 204, 205, 206, 211, 212, 213, 220, 221, 223, 224, 225, 228, 230, 237, 238, 239, 247, 248, 249, 250, 251, 253, 260, 261, 262, 263, 265, 271, 295, 296, 297, 298, 299, 301, 302, 303, 311, 313, 314, 315, 316, 317, 319, 321, 324, 325, 326, 328, 329, 331, 333, 334, 335, 343, 345, 354, 355, 356, 361, 362, 366, 367, 372, 373, 374, 375, 376, 390, 391, 392, 393, 395, 396, 397, 399, 400, 403, 404, 405, 406, 407, 408, 409, 411, 413, 419, 434, 435, 436, 437, 438, 439, 440, 441, 442, 443, 444, 445, 449, 454, 455, 456, 457, 458, 459, 460, 461, 462, 463, 464, 465, 466, 467, 472, 483], "excluded_lines": []}}}, "src/futures_roll_analysis/buckets.py": {"executed_lines": [1, 3, 4, 6, 7, 10, 11, 12, 13, 14, 15, 16, 17, 19, 20, 23, 24, 28, 42, 44, 45, 46, 47, 48, 49, 50, 51, 52, 53, 57, 58, 59, 60, 61, 64, 72, 75, 76, 78, 80, 81, 84, 85, 86, 87, 88, 90, 91, 92, 93, 94, 96, 97, 98, 99, 100, 101, 102, 105, 106, 107, 108, 109, 111, 114, 115, 116, 117, 118, 119, 127, 128, 129, 130, 131, 132, 133, 134, 135, 136, 139, 140, 141, 142, 143, 149, 151, 152, 153, 155, 156, 159, 161, 163, 164, 165, 166, 167, 168, 174, 175, 176, 177, 178, 179, 180, 182, 187, 193, 194, 197, 205, 206, 207, 208, 210, 211, 212], "summary": {"covered_lines": 116, "num_statements": 121, "percent_covered": 95.86776859504133, "percent_covered_display": "96", "missing_lines": 5, "excluded_lines": 2}, "missing_lines": [21, 25, 54, 73, 103], "excluded_lines": [60, 61], "functions": {"BucketConfig.start_hour": {"executed_lines": [], "summary": {"covered_lines": 0, "num_statements": 1, "percent_covered": 0.0, "percent_covered_display": "0", "missing_lines": 1, "excluded_lines": 0}, "missing_lines": [21], "excluded_lines": []}, "BucketConfig.end_hour": {"executed_lines": [], "summary": {"covered_lines": 0, "num_statements": 1, "percent_covered": 0.0, "percent_covered_display": "0", "missing_lines": 1, "excluded_lines": 0}, "missing_lines": [25], "excluded_lines": []}, "assign_bucket": {"executed_lines": [44, 45, 46, 47, 48, 49, 50, 51, 52, 53], "summary": {"covered_lines": 10, "num_statements": 11, "percent_covered": 90.9090909090909, "percent_covered_display": "91", "missing_lines": 1, "excluded_lines": 0}, "missing_lines": [54], "excluded_lines": []}, "get_bucket_info": {"executed_lines": [58, 59, 60, 61], "summary": {"covered_lines": 2, "num_statements": 2, "percent_covered": 100.0, "percent_covered_display": "100", "missing_lines": 0, "excluded_lines": 2}, "missing_lines": [], "excluded_lines": [60, 61]}, "aggregate_to_buckets": {"executed_lines": [72, 75, 76, 78, 80, 81, 84, 85, 86, 87, 88, 90, 91, 92, 93, 94, 96, 97, 98, 99, 100, 101, 102, 105, 106, 107, 108, 109, 111], "summary": {"covered_lines": 29, "num_statements": 31, "percent_covered": 93.54838709677419, "percent_covered_display": "94", "missing_lines": 2, "excluded_lines": 0}, "missing_lines": [73, 103], "excluded_lines": []}, "calculate_bucket_statistics": {"executed_lines": [115, 116, 117, 118, 119, 127, 128, 129, 130, 131, 132, 133, 134, 135, 136], "summary": {"covered_lines": 15, "num_statements": 15, "percent_covered": 100.0, "percent_covered_display": "100", "missing_lines": 0, "excluded_lines": 0}, "missing_lines": [], "excluded_lines": []}, "_bucket_start_vectorised": {"executed_lines": [140, 141, 142, 143, 149, 151, 152, 153, 155, 156], "summary": {"covered_lines": 10, "num_statements": 10, "percent_covered": 100.0, "percent_covered_display": "100", "missing_lines": 0, "excluded_lines": 0}, "missing_lines": [], "excluded_lines": []}, "validate_bucket_aggregation": {"executed_lines": [161, 163, 164, 165, 166, 167, 168, 174, 175, 176, 177, 178, 179, 180, 182, 187, 193, 194], "summary": {"covered_lines": 18, "num_statements": 18, "percent_covered": 100.0, "percent_covered_display": "100", "missing_lines": 0, "excluded_lines": 0}, "missing_lines": [], "excluded_lines": []}, "_compute_trading_dates": {"executed_lines": [205, 206, 207, 208, 210, 211, 212], "summary": {"covered_lines": 7, "num_statements": 7, "percent_covered": 100.0, "percent_covered_display": "100", "missing_lines": 0, "excluded_lines": 0}, "missing_lines": [], "excluded_lines": []}, "": {"executed_lines": [1, 3, 4, 6, 7, 10, 11, 12, 13, 14, 15, 16, 17, 19, 20, 23, 24, 28, 42, 57, 64, 114, 139, 159, 197], "summary": {"covered_lines": 25, "num_statements": 25, "percent_covered": 100.0, "percent_covered_display": "100", "missing_lines": 0, "excluded_lines": 0}, "missing_lines": [], "excluded_lines": []}}, "classes": {"BucketConfig": {"executed_lines": [], "summary": {"covered_lines": 0, "num_statements": 2, "percent_covered": 0.0, "percent_covered_display": "0", "missing_lines": 2, "excluded_lines": 0}, "missing_lines": [21, 25], "excluded_lines": []}, "": {"executed_lines": [1, 3, 4, 6, 7, 10, 11, 12, 13, 14, 15, 16, 17, 19, 20, 23, 24, 28, 42, 44, 45, 46, 47, 48, 49, 50, 51, 52, 53, 57, 58, 59, 60, 61, 64, 72, 75, 76, 78, 80, 81, 84, 85, 86, 87, 88, 90, 91, 92, 93, 94, 96, 97, 98, 99, 100, 101, 102, 105, 106, 107, 108, 109, 111, 114, 115, 116, 117, 118, 119, 127, 128, 129, 130, 131, 132, 133, 134, 135, 136, 139, 140, 141, 142, 143, 149, 151, 152, 153, 155, 156, 159, 161, 163, 164, 165, 166, 167, 168, 174, 175, 176, 177, 178, 179, 180, 182, 187, 193, 194, 197, 205, 206, 207, 208, 210, 211, 212], "summary": {"covered_lines": 116, "num_statements": 119, "percent_covered": 97.47899159663865, "percent_covered_display": "97", "missing_lines": 3, "excluded_lines": 2}, "missing_lines": [54, 73, 103], "excluded_lines": [60, 61]}}}, "src/futures_roll_analysis/calendar_tools.py": {"executed_lines": [], "summary": {"covered_lines": 0, "num_statements": 77, "percent_covered": 0.0, "percent_covered_display": "0", "missing_lines": 77, "excluded_lines": 3}, "missing_lines": [1, 3, 4, 5, 6, 7, 9, 11, 14, 23, 24, 25, 26, 27, 30, 31, 32, 33, 34, 35, 36, 37, 38, 39, 40, 41, 44, 45, 47, 48, 50, 51, 52, 58, 59, 60, 62, 64, 65, 66, 69, 70, 71, 72, 73, 74, 75, 76, 77, 78, 79, 80, 81, 82, 86, 89, 90, 91, 92, 93, 94, 96, 97, 98, 99, 100, 101, 103, 104, 105, 106, 108, 109, 110, 111, 113, 114], "excluded_lines": [83, 84, 85], "functions": {"_load_one": {"executed_lines": [], "summary": {"covered_lines": 0, "num_statements": 11, "percent_covered": 0.0, "percent_covered_display": "0", "missing_lines": 11, "excluded_lines": 0}, "missing_lines": [31, 32, 33, 34, 35, 36, 37, 38, 39, 40, 41], "excluded_lines": []}, "validate_calendar_df": {"executed_lines": [], "summary": {"covered_lines": 0, "num_statements": 13, "percent_covered": 0.0, "percent_covered_display": "0", "missing_lines": 13, "excluded_lines": 0}, "missing_lines": [45, 47, 48, 50, 51, 52, 58, 59, 60, 62, 64, 65, 66], "excluded_lines": []}, "lint": {"executed_lines": [], "summary": {"covered_lines": 0, "num_statements": 14, "percent_covered": 0.0, "percent_covered_display": "0", "missing_lines": 14, "excluded_lines": 3}, "missing_lines": [70, 71, 72, 73, 74, 75, 76, 77, 78, 79, 80, 81, 82, 86], "excluded_lines": [83, 84, 85]}, "lint_main": {"executed_lines": [], "summary": {"covered_lines": 0, "num_statements": 21, "percent_covered": 0.0, "percent_covered_display": "0", "missing_lines": 21, "excluded_lines": 0}, "missing_lines": [90, 91, 92, 93, 94, 96, 97, 98, 99, 100, 101, 103, 104, 105, 106, 108, 109, 110, 111, 113, 114], "excluded_lines": []}, "": {"executed_lines": [], "summary": {"covered_lines": 0, "num_statements": 18, "percent_covered": 0.0, "percent_covered_display": "0", "missing_lines": 18, "excluded_lines": 0}, "missing_lines": [1, 3, 4, 5, 6, 7, 9, 11, 14, 23, 24, 25, 26, 27, 30, 44, 69, 89], "excluded_lines": []}}, "classes": {"CalendarIssue": {"executed_lines": [], "summary": {"covered_lines": 0, "num_statements": 0, "percent_covered": 100.0, "percent_covered_display": "100", "missing_lines": 0, "excluded_lines": 0}, "missing_lines": [], "excluded_lines": []}, "": {"executed_lines": [], "summary": {"covered_lines": 0, "num_statements": 77, "percent_covered": 0.0, "percent_covered_display": "0", "missing_lines": 77, "excluded_lines": 3}, "missing_lines": [1, 3, 4, 5, 6, 7, 9, 11, 14, 23, 24, 25, 26, 27, 30, 31, 32, 33, 34, 35, 36, 37, 38, 39, 40, 41, 44, 45, 47, 48, 50, 51, 52, 58, 59, 60, 62, 64, 65, 66, 69, 70, 71, 72, 73, 74, 75, 76, 77, 78, 79, 80, 81, 82, 86, 89, 90, 91, 92, 93, 94, 96, 97, 98, 99, 100, 101, 103, 104, 105, 106, 108, 109, 110, 111, 113, 114], "excluded_lines": [83, 84, 85]}}}, "src/futures_roll_analysis/cli/__init__.py": {"executed_lines": [], "summary": {"covered_lines": 0, "num_statements": 1, "percent_covered": 0.0, "percent_covered_display": "0", "missing_lines": 1, "excluded_lines": 0}, "missing_lines": [3], "excluded_lines": [], "functions": {"": {"executed_lines": [], "summary": {"covered_lines": 0, "num_statements": 1, "percent_covered": 0.0, "percent_covered_display": "0", "missing_lines": 1, "excluded_lines": 0}, "missing_lines": [3], "excluded_lines": []}}, "classes": {"": {"executed_lines": [], "summary": {"covered_lines": 0, "num_statements": 1, "percent_covered": 0.0, "percent_covered_display": "0", "missing_lines": 1, "excluded_lines": 0}, "missing_lines": [3], "excluded_lines": []}}}, "src/futures_roll_analysis/cli/daily.py": {"executed_lines": [], "summary": {"covered_lines": 0, "num_statements": 27, "percent_covered": 0.0, "percent_covered_display": "0", "missing_lines": 27, "excluded_lines": 0}, "missing_lines": [1, 3, 4, 5, 6, 8, 9, 12, 15, 16, 17, 22, 23, 24, 25, 27, 29, 30, 31, 32, 33, 35, 37, 41, 42, 45, 46], "excluded_lines": [], "functions": {"main": {"executed_lines": [], "summary": {"covered_lines": 0, "num_statements": 16, "percent_covered": 0.0, "percent_covered_display": "0", "missing_lines": 16, "excluded_lines": 0}, "missing_lines": [16, 17, 22, 23, 24, 25, 27, 29, 30, 31, 32, 33, 35, 37, 41, 42], "excluded_lines": []}, "": {"executed_lines": [], "summary": {"covered_lines": 0, "num_statements": 11, "percent_covered": 0.0, "percent_covered_display": "0", "missing_lines": 11, "excluded_lines": 0}, "missing_lines": [1, 3, 4, 5, 6, 8, 9, 12, 15, 45, 46], "excluded_lines": []}}, "classes": {"": {"executed_lines": [], "summary": {"covered_lines": 0, "num_statements": 27, "percent_covered": 0.0, "percent_covered_display": "0", "missing_lines": 27, "excluded_lines": 0}, "missing_lines": [1, 3, 4, 5, 6, 8, 9, 12, 15, 16, 17, 22, 23, 24, 25, 27, 29, 30, 31, 32, 33, 35, 37, 41, 42, 45, 46], "excluded_lines": []}}}, "src/futures_roll_analysis/cli/hourly.py": {"executed_lines": [], "summary": {"covered_lines": 0, "num_statements": 28, "percent_covered": 0.0, "percent_covered_display": "0", "missing_lines": 28, "excluded_lines": 0}, "missing_lines": [1, 3, 4, 5, 6, 8, 9, 12, 15, 16, 17, 22, 23, 24, 25, 26, 28, 30, 31, 32, 33, 34, 36, 38, 44, 45, 48, 49], "excluded_lines": [], "functions": {"main": {"executed_lines": [], "summary": {"covered_lines": 0, "num_statements": 17, "percent_covered": 0.0, "percent_covered_display": "0", "missing_lines": 17, "excluded_lines": 0}, "missing_lines": [16, 17, 22, 23, 24, 25, 26, 28, 30, 31, 32, 33, 34, 36, 38, 44, 45], "excluded_lines": []}, "": {"executed_lines": [], "summary": {"covered_lines": 0, "num_statements": 11, "percent_covered": 0.0, "percent_covered_display": "0", "missing_lines": 11, "excluded_lines": 0}, "missing_lines": [1, 3, 4, 5, 6, 8, 9, 12, 15, 48, 49], "excluded_lines": []}}, "classes": {"": {"executed_lines": [], "summary": {"covered_lines": 0, "num_statements": 28, "percent_covered": 0.0, "percent_covered_display": "0", "missing_lines": 28, "excluded_lines": 0}, "missing_lines": [1, 3, 4, 5, 6, 8, 9, 12, 15, 16, 17, 22, 23, 24, 25, 26, 28, 30, 31, 32, 33, 34, 36, 38, 44, 45, 48, 49], "excluded_lines": []}}}, "src/futures_roll_analysis/cli/organize.py": {"executed_lines": [], "summary": {"covered_lines": 0, "num_statements": 59, "percent_covered": 0.0, "percent_covered_display": "0", "missing_lines": 59, "excluded_lines": 0}, "missing_lines": [1, 3, 4, 5, 6, 7, 8, 10, 12, 14, 77, 78, 79, 84, 89, 94, 95, 100, 102, 104, 105, 106, 108, 109, 110, 111, 113, 114, 115, 116, 117, 127, 128, 129, 130, 132, 133, 134, 135, 136, 137, 138, 139, 140, 141, 142, 144, 147, 148, 151, 152, 153, 154, 155, 156, 157, 158, 161, 162], "excluded_lines": [], "functions": {"main": {"executed_lines": [], "summary": {"covered_lines": 0, "num_statements": 38, "percent_covered": 0.0, "percent_covered_display": "0", "missing_lines": 38, "excluded_lines": 0}, "missing_lines": [78, 79, 84, 89, 94, 95, 100, 102, 104, 105, 106, 108, 109, 110, 111, 113, 114, 115, 116, 117, 127, 128, 129, 130, 132, 133, 134, 135, 136, 137, 138, 139, 140, 141, 142, 144, 147, 148], "excluded_lines": []}, "_get_commodity_info": {"executed_lines": [], "summary": {"covered_lines": 0, "num_statements": 7, "percent_covered": 0.0, "percent_covered_display": "0", "missing_lines": 7, "excluded_lines": 0}, "missing_lines": [152, 153, 154, 155, 156, 157, 158], "excluded_lines": []}, "": {"executed_lines": [], "summary": {"covered_lines": 0, "num_statements": 14, "percent_covered": 0.0, "percent_covered_display": "0", "missing_lines": 14, "excluded_lines": 0}, "missing_lines": [1, 3, 4, 5, 6, 7, 8, 10, 12, 14, 77, 151, 161, 162], "excluded_lines": []}}, "classes": {"": {"executed_lines": [], "summary": {"covered_lines": 0, "num_statements": 59, "percent_covered": 0.0, "percent_covered_display": "0", "missing_lines": 59, "excluded_lines": 0}, "missing_lines": [1, 3, 4, 5, 6, 7, 8, 10, 12, 14, 77, 78, 79, 84, 89, 94, 95, 100, 102, 104, 105, 106, 108, 109, 110, 111, 113, 114, 115, 116, 117, 127, 128, 129, 130, 132, 133, 134, 135, 136, 137, 138, 139, 140, 141, 142, 144, 147, 148, 151, 152, 153, 154, 155, 156, 157, 158, 161, 162], "excluded_lines": []}}}, "src/futures_roll_analysis/config.py": {"executed_lines": [1, 3, 4, 5, 6, 8, 11, 12, 13, 15, 16, 17, 18, 19, 20, 21, 22, 23, 24, 25, 26, 27, 30, 41, 126, 140], "summary": {"covered_lines": 25, "num_statements": 109, "percent_covered": 22.93577981651376, "percent_covered_display": "23", "missing_lines": 84, "excluded_lines": 0}, "missing_lines": [31, 32, 34, 35, 36, 37, 38, 55, 56, 58, 59, 61, 62, 64, 65, 66, 67, 68, 70, 71, 72, 73, 74, 75, 77, 78, 79, 80, 81, 82, 84, 86, 87, 88, 89, 90, 91, 93, 94, 95, 99, 100, 101, 103, 104, 105, 107, 109, 127, 128, 129, 134, 136, 137, 142, 143, 144, 146, 147, 148, 152, 153, 154, 158, 159, 160, 165, 166, 167, 169, 170, 171, 172, 173, 174, 175, 176, 177, 178, 179, 180, 181, 182, 183], "excluded_lines": [], "functions": {"_resolve_path": {"executed_lines": [], "summary": {"covered_lines": 0, "num_statements": 7, "percent_covered": 0.0, "percent_covered_display": "0", "missing_lines": 7, "excluded_lines": 0}, "missing_lines": [31, 32, 34, 35, 36, 37, 38], "excluded_lines": []}, "load_settings": {"executed_lines": [], "summary": {"covered_lines": 0, "num_statements": 41, "percent_covered": 0.0, "percent_covered_display": "0", "missing_lines": 41, "excluded_lines": 0}, "missing_lines": [55, 56, 58, 59, 61, 62, 64, 65, 66, 67, 68, 70, 71, 72, 73, 74, 75, 77, 78, 79, 80, 81, 82, 84, 86, 87, 88, 89, 90, 91, 93, 94, 95, 99, 100, 101, 103, 104, 105, 107, 109], "excluded_lines": []}, "_merge_dicts": {"executed_lines": [], "summary": {"covered_lines": 0, "num_statements": 6, "percent_covered": 0.0, "percent_covered_display": "0", "missing_lines": 6, "excluded_lines": 0}, "missing_lines": [127, 128, 129, 134, 136, 137], "excluded_lines": []}, "_validate_settings": {"executed_lines": [], "summary": {"covered_lines": 0, "num_statements": 30, "percent_covered": 0.0, "percent_covered_display": "0", "missing_lines": 30, "excluded_lines": 0}, "missing_lines": [142, 143, 144, 146, 147, 148, 152, 153, 154, 158, 159, 160, 165, 166, 167, 169, 170, 171, 172, 173, 174, 175, 176, 177, 178, 179, 180, 181, 182, 183], "excluded_lines": []}, "": {"executed_lines": [1, 3, 4, 5, 6, 8, 11, 12, 13, 15, 16, 17, 18, 19, 20, 21, 22, 23, 24, 25, 26, 27, 30, 41, 126, 140], "summary": {"covered_lines": 25, "num_statements": 25, "percent_covered": 100.0, "percent_covered_display": "100", "missing_lines": 0, "excluded_lines": 0}, "missing_lines": [], "excluded_lines": []}}, "classes": {"Settings": {"executed_lines": [], "summary": {"covered_lines": 0, "num_statements": 0, "percent_covered": 100.0, "percent_covered_display": "100", "missing_lines": 0, "excluded_lines": 0}, "missing_lines": [], "excluded_lines": []}, "": {"executed_lines": [1, 3, 4, 5, 6, 8, 11, 12, 13, 15, 16, 17, 18, 19, 20, 21, 22, 23, 24, 25, 26, 27, 30, 41, 126, 140], "summary": {"covered_lines": 25, "num_statements": 109, "percent_covered": 22.93577981651376, "percent_covered_display": "23", "missing_lines": 84, "excluded_lines": 0}, "missing_lines": [31, 32, 34, 35, 36, 37, 38, 55, 56, 58, 59, 61, 62, 64, 65, 66, 67, 68, 70, 71, 72, 73, 74, 75, 77, 78, 79, 80, 81, 82, 84, 86, 87, 88, 89, 90, 91, 93, 94, 95, 99, 100, 101, 103, 104, 105, 107, 109, 127, 128, 129, 134, 136, 137, 142, 143, 144, 146, 147, 148, 152, 153, 154, 158, 159, 160, 165, 166, 167, 169, 170, 171, 172, 173, 174, 175, 176, 177, 178, 179, 180, 181, 182, 183], "excluded_lines": []}}}, "src/futures_roll_analysis/events.py": {"executed_lines": [1, 3, 5, 6, 8, 11, 37, 38, 40, 41, 42, 43, 44, 45, 46, 63, 64, 65, 66, 69, 124, 165, 213, 267, 286, 304, 305, 306, 308, 309, 311, 312, 313, 314, 315, 316, 317, 319, 320], "summary": {"covered_lines": 39, "num_statements": 153, "percent_covered": 25.49019607843137, "percent_covered_display": "25", "missing_lines": 114, "excluded_lines": 0}, "missing_lines": [47, 48, 49, 50, 51, 52, 53, 54, 55, 56, 57, 58, 59, 61, 105, 107, 108, 109, 118, 120, 121, 138, 139, 140, 141, 142, 143, 144, 145, 146, 147, 148, 149, 150, 151, 152, 154, 155, 156, 159, 160, 161, 162, 186, 187, 188, 189, 191, 192, 193, 195, 196, 197, 198, 199, 201, 208, 210, 221, 230, 231, 233, 234, 235, 236, 237, 238, 239, 240, 241, 242, 243, 245, 258, 259, 260, 261, 263, 264, 272, 273, 275, 276, 277, 278, 280, 281, 282, 283, 287, 288, 289, 290, 292, 293, 295, 296, 297, 298, 299, 300, 301, 310, 322, 323, 324, 325, 326, 327, 328, 329, 331, 332, 334], "excluded_lines": [], "functions": {"detect_spread_events": {"executed_lines": [37, 38, 40, 41, 42, 43, 44, 45, 46, 63, 64, 65, 66], "summary": {"covered_lines": 13, "num_statements": 27, "percent_covered": 48.148148148148145, "percent_covered_display": "48", "missing_lines": 14, "excluded_lines": 0}, "missing_lines": [47, 48, 49, 50, 51, 52, 53, 54, 55, 56, 57, 58, 59, 61], "excluded_lines": []}, "detect_multi_spread_events": {"executed_lines": [], "summary": {"covered_lines": 0, "num_statements": 7, "percent_covered": 0.0, "percent_covered_display": "0", "missing_lines": 7, "excluded_lines": 0}, "missing_lines": [105, 107, 108, 109, 118, 120, 121], "excluded_lines": []}, "align_events_to_business_days": {"executed_lines": [], "summary": {"covered_lines": 0, "num_statements": 22, "percent_covered": 0.0, "percent_covered_display": "0", "missing_lines": 22, "excluded_lines": 0}, "missing_lines": [138, 139, 140, 141, 142, 143, 144, 145, 146, 147, 148, 149, 150, 151, 152, 154, 155, 156, 159, 160, 161, 162], "excluded_lines": []}, "summarize_events": {"executed_lines": [], "summary": {"covered_lines": 0, "num_statements": 15, "percent_covered": 0.0, "percent_covered_display": "0", "missing_lines": 15, "excluded_lines": 0}, "missing_lines": [186, 187, 188, 189, 191, 192, 193, 195, 196, 197, 198, 199, 201, 208, 210], "excluded_lines": []}, "summarize_bucket_events": {"executed_lines": [], "summary": {"covered_lines": 0, "num_statements": 21, "percent_covered": 0.0, "percent_covered_display": "0", "missing_lines": 21, "excluded_lines": 0}, "missing_lines": [221, 230, 231, 233, 234, 235, 236, 237, 238, 239, 240, 241, 242, 243, 245, 258, 259, 260, 261, 263, 264], "excluded_lines": []}, "preference_scores": {"executed_lines": [], "summary": {"covered_lines": 0, "num_statements": 10, "percent_covered": 0.0, "percent_covered_display": "0", "missing_lines": 10, "excluded_lines": 0}, "missing_lines": [272, 273, 275, 276, 277, 278, 280, 281, 282, 283], "excluded_lines": []}, "transition_matrix": {"executed_lines": [], "summary": {"covered_lines": 0, "num_statements": 13, "percent_covered": 0.0, "percent_covered_display": "0", "missing_lines": 13, "excluded_lines": 0}, "missing_lines": [287, 288, 289, 290, 292, 293, 295, 296, 297, 298, 299, 300, 301], "excluded_lines": []}, "_apply_cool_down": {"executed_lines": [305, 306, 308, 309, 311, 312, 313, 314, 315, 316, 317, 319, 320], "summary": {"covered_lines": 13, "num_statements": 25, "percent_covered": 52.0, "percent_covered_display": "52", "missing_lines": 12, "excluded_lines": 0}, "missing_lines": [310, 322, 323, 324, 325, 326, 327, 328, 329, 331, 332, 334], "excluded_lines": []}, "": {"executed_lines": [1, 3, 5, 6, 8, 11, 69, 124, 165, 213, 267, 286, 304], "summary": {"covered_lines": 13, "num_statements": 13, "percent_covered": 100.0, "percent_covered_display": "100", "missing_lines": 0, "excluded_lines": 0}, "missing_lines": [], "excluded_lines": []}}, "classes": {"": {"executed_lines": [1, 3, 5, 6, 8, 11, 37, 38, 40, 41, 42, 43, 44, 45, 46, 63, 64, 65, 66, 69, 124, 165, 213, 267, 286, 304, 305, 306, 308, 309, 311, 312, 313, 314, 315, 316, 317, 319, 320], "summary": {"covered_lines": 39, "num_statements": 153, "percent_covered": 25.49019607843137, "percent_covered_display": "25", "missing_lines": 114, "excluded_lines": 0}, "missing_lines": [47, 48, 49, 50, 51, 52, 53, 54, 55, 56, 57, 58, 59, 61, 105, 107, 108, 109, 118, 120, 121, 138, 139, 140, 141, 142, 143, 144, 145, 146, 147, 148, 149, 150, 151, 152, 154, 155, 156, 159, 160, 161, 162, 186, 187, 188, 189, 191, 192, 193, 195, 196, 197, 198, 199, 201, 208, 210, 221, 230, 231, 233, 234, 235, 236, 237, 238, 239, 240, 241, 242, 243, 245, 258, 259, 260, 261, 263, 264, 272, 273, 275, 276, 277, 278, 280, 281, 282, 283, 287, 288, 289, 290, 292, 293, 295, 296, 297, 298, 299, 300, 301, 310, 322, 323, 324, 325, 326, 327, 328, 329, 331, 332, 334], "excluded_lines": []}}}, "src/futures_roll_analysis/expiries.py": {"executed_lines": [], "summary": {"covered_lines": 0, "num_statements": 18, "percent_covered": 0.0, "percent_covered_display": "0", "missing_lines": 18, "excluded_lines": 0}, "missing_lines": [1, 3, 10, 11, 13, 16, 17, 30, 31, 32, 35, 52, 53, 54, 56, 57, 58, 59], "excluded_lines": [], "functions": {"load_expiries": {"executed_lines": [], "summary": {"covered_lines": 0, "num_statements": 7, "percent_covered": 0.0, "percent_covered_display": "0", "missing_lines": 7, "excluded_lines": 0}, "missing_lines": [52, 53, 54, 56, 57, 58, 59], "excluded_lines": []}, "": {"executed_lines": [], "summary": {"covered_lines": 0, "num_statements": 11, "percent_covered": 0.0, "percent_covered_display": "0", "missing_lines": 11, "excluded_lines": 0}, "missing_lines": [1, 3, 10, 11, 13, 16, 17, 30, 31, 32, 35], "excluded_lines": []}}, "classes": {"ExpirySpec": {"executed_lines": [], "summary": {"covered_lines": 0, "num_statements": 0, "percent_covered": 100.0, "percent_covered_display": "100", "missing_lines": 0, "excluded_lines": 0}, "missing_lines": [], "excluded_lines": []}, "": {"executed_lines": [], "summary": {"covered_lines": 0, "num_statements": 18, "percent_covered": 0.0, "percent_covered_display": "0", "missing_lines": 18, "excluded_lines": 0}, "missing_lines": [1, 3, 10, 11, 13, 16, 17, 30, 31, 32, 35, 52, 53, 54, 56, 57, 58, 59], "excluded_lines": []}}}, "src/futures_roll_analysis/ingest.py": {"executed_lines": [1, 3, 4, 5, 7, 8, 10, 11, 13, 16, 32, 34, 40, 46, 47, 48, 51, 52, 54, 55, 56, 58, 60, 63, 84, 91, 92, 93, 99, 100, 101, 106, 107, 108, 109, 110, 111, 113, 114, 115, 116, 118, 120, 122, 124, 125, 126, 129, 130, 132, 133, 136, 139, 141, 144, 147, 149, 158, 161, 162, 163, 166, 171, 236, 277, 278, 287, 288, 289, 290], "summary": {"covered_lines": 70, "num_statements": 139, "percent_covered": 50.35971223021583, "percent_covered_display": "50", "missing_lines": 69, "excluded_lines": 3}, "missing_lines": [49, 70, 71, 72, 74, 75, 76, 77, 78, 80, 81, 94, 95, 96, 97, 103, 104, 117, 119, 121, 123, 127, 134, 142, 145, 159, 168, 196, 201, 202, 204, 205, 207, 208, 209, 210, 211, 212, 213, 218, 219, 220, 227, 228, 229, 231, 233, 244, 245, 255, 256, 260, 261, 263, 264, 265, 266, 267, 268, 269, 271, 272, 274, 292, 293, 294, 295, 296, 297], "excluded_lines": [214, 215, 216], "functions": {"build_contract_regex": {"executed_lines": [34], "summary": {"covered_lines": 1, "num_statements": 1, "percent_covered": 100.0, "percent_covered_display": "100", "missing_lines": 0, "excluded_lines": 0}, "missing_lines": [], "excluded_lines": []}, "normalize_contract_code": {"executed_lines": [46, 47, 48, 51, 52, 54, 55, 56, 58, 60], "summary": {"covered_lines": 10, "num_statements": 11, "percent_covered": 90.9090909090909, "percent_covered_display": "91", "missing_lines": 1, "excluded_lines": 0}, "missing_lines": [49], "excluded_lines": []}, "find_contract_files": {"executed_lines": [], "summary": {"covered_lines": 0, "num_statements": 10, "percent_covered": 0.0, "percent_covered_display": "0", "missing_lines": 10, "excluded_lines": 0}, "missing_lines": [70, 71, 72, 74, 75, 76, 77, 78, 80, 81], "excluded_lines": []}, "load_minutes": {"executed_lines": [91, 92, 93, 99, 100, 101, 106, 107, 108, 109, 110, 111, 113, 114, 115, 116, 118, 120, 122, 124, 125, 126, 129, 130, 132, 133, 136], "summary": {"covered_lines": 27, "num_statements": 39, "percent_covered": 69.23076923076923, "percent_covered_display": "69", "missing_lines": 12, "excluded_lines": 0}, "missing_lines": [94, 95, 96, 97, 103, 104, 117, 119, 121, 123, 127, 134], "excluded_lines": []}, "minutes_to_daily": {"executed_lines": [141, 144, 147, 149, 158, 161, 162, 163], "summary": {"covered_lines": 8, "num_statements": 11, "percent_covered": 72.72727272727273, "percent_covered_display": "73", "missing_lines": 3, "excluded_lines": 0}, "missing_lines": [142, 145, 159], "excluded_lines": []}, "minutes_to_buckets": {"executed_lines": [], "summary": {"covered_lines": 0, "num_statements": 1, "percent_covered": 0.0, "percent_covered_display": "0", "missing_lines": 1, "excluded_lines": 0}, "missing_lines": [168], "excluded_lines": []}, "build_contract_frames": {"executed_lines": [], "summary": {"covered_lines": 0, "num_statements": 20, "percent_covered": 0.0, "percent_covered_display": "0", "missing_lines": 20, "excluded_lines": 3}, "missing_lines": [196, 201, 202, 204, 205, 207, 208, 209, 210, 211, 212, 213, 218, 219, 220, 227, 228, 229, 231, 233], "excluded_lines": [214, 215, 216]}, "_coerce_minute_dataframe": {"executed_lines": [], "summary": {"covered_lines": 0, "num_statements": 16, "percent_covered": 0.0, "percent_covered_display": "0", "missing_lines": 16, "excluded_lines": 0}, "missing_lines": [244, 245, 255, 256, 260, 261, 263, 264, 265, 266, 267, 268, 269, 271, 272, 274], "excluded_lines": []}, "_detect_timestamp_column": {"executed_lines": [278, 287, 288, 289, 290], "summary": {"covered_lines": 5, "num_statements": 11, "percent_covered": 45.45454545454545, "percent_covered_display": "45", "missing_lines": 6, "excluded_lines": 0}, "missing_lines": [292, 293, 294, 295, 296, 297], "excluded_lines": []}, "": {"executed_lines": [1, 3, 4, 5, 7, 8, 10, 11, 13, 16, 32, 40, 63, 84, 139, 166, 171, 236, 277], "summary": {"covered_lines": 19, "num_statements": 19, "percent_covered": 100.0, "percent_covered_display": "100", "missing_lines": 0, "excluded_lines": 0}, "missing_lines": [], "excluded_lines": []}}, "classes": {"": {"executed_lines": [1, 3, 4, 5, 7, 8, 10, 11, 13, 16, 32, 34, 40, 46, 47, 48, 51, 52, 54, 55, 56, 58, 60, 63, 84, 91, 92, 93, 99, 100, 101, 106, 107, 108, 109, 110, 111, 113, 114, 115, 116, 118, 120, 122, 124, 125, 126, 129, 130, 132, 133, 136, 139, 141, 144, 147, 149, 158, 161, 162, 163, 166, 171, 236, 277, 278, 287, 288, 289, 290], "summary": {"covered_lines": 70, "num_statements": 139, "percent_covered": 50.35971223021583, "percent_covered_display": "50", "missing_lines": 69, "excluded_lines": 3}, "missing_lines": [49, 70, 71, 72, 74, 75, 76, 77, 78, 80, 81, 94, 95, 96, 97, 103, 104, 117, 119, 121, 123, 127, 134, 142, 145, 159, 168, 196, 201, 202, 204, 205, 207, 208, 209, 210, 211, 212, 213, 218, 219, 220, 227, 228, 229, 231, 233, 244, 245, 255, 256, 260, 261, 263, 264, 265, 266, 267, 268, 269, 271, 272, 274, 292, 293, 294, 295, 296, 297], "excluded_lines": [214, 215, 216]}}}, "src/futures_roll_analysis/labeler.py": {"executed_lines": [1, 3, 11, 13, 14, 17, 43, 47, 48, 49, 50, 52, 53, 56, 60, 63, 64, 67, 68, 71, 72, 73, 74, 75, 78, 79, 80], "summary": {"covered_lines": 27, "num_statements": 29, "percent_covered": 93.10344827586206, "percent_covered_display": "93", "missing_lines": 2, "excluded_lines": 0}, "missing_lines": [44, 51], "excluded_lines": [], "functions": {"compute_strip_labels": {"executed_lines": [43, 47, 48, 49, 50, 52, 53, 56, 60, 63, 64, 67, 68, 71, 72, 73, 74, 75, 78, 79, 80], "summary": {"covered_lines": 21, "num_statements": 23, "percent_covered": 91.30434782608695, "percent_covered_display": "91", "missing_lines": 2, "excluded_lines": 0}, "missing_lines": [44, 51], "excluded_lines": []}, "": {"executed_lines": [1, 3, 11, 13, 14, 17], "summary": {"covered_lines": 6, "num_statements": 6, "percent_covered": 100.0, "percent_covered_display": "100", "missing_lines": 0, "excluded_lines": 0}, "missing_lines": [], "excluded_lines": []}}, "classes": {"": {"executed_lines": [1, 3, 11, 13, 14, 17, 43, 47, 48, 49, 50, 52, 53, 56, 60, 63, 64, 67, 68, 71, 72, 73, 74, 75, 78, 79, 80], "summary": {"covered_lines": 27, "num_statements": 29, "percent_covered": 93.10344827586206, "percent_covered_display": "93", "missing_lines": 2, "excluded_lines": 0}, "missing_lines": [44, 51], "excluded_lines": []}}}, "src/futures_roll_analysis/multi_spread_analysis.py": {"executed_lines": [1, 9, 11, 13, 14, 17, 33, 98, 199, 238, 275, 329, 417], "summary": {"covered_lines": 12, "num_statements": 125, "percent_covered": 9.6, "percent_covered_display": "10", "missing_lines": 113, "excluded_lines": 0}, "missing_lines": [30, 58, 60, 61, 62, 64, 65, 67, 69, 70, 71, 73, 74, 77, 78, 79, 82, 84, 95, 134, 136, 137, 138, 139, 142, 143, 145, 146, 148, 149, 151, 153, 154, 156, 157, 158, 159, 161, 162, 163, 164, 167, 168, 169, 170, 171, 172, 175, 176, 177, 179, 180, 182, 193, 194, 196, 219, 220, 226, 235, 257, 259, 260, 261, 263, 272, 297, 300, 301, 302, 305, 306, 310, 313, 316, 317, 319, 361, 364, 367, 368, 369, 370, 371, 373, 374, 375, 377, 380, 383, 384, 385, 388, 390, 391, 392, 393, 394, 397, 398, 401, 402, 404, 414, 436, 438, 439, 441, 442, 443, 444, 446, 463], "excluded_lines": [], "functions": {"compute_spread_correlations": {"executed_lines": [], "summary": {"covered_lines": 0, "num_statements": 1, "percent_covered": 0.0, "percent_covered_display": "0", "missing_lines": 1, "excluded_lines": 0}, "missing_lines": [30], "excluded_lines": []}, "compare_spread_signals": {"executed_lines": [], "summary": {"covered_lines": 0, "num_statements": 18, "percent_covered": 0.0, "percent_covered_display": "0", "missing_lines": 18, "excluded_lines": 0}, "missing_lines": [58, 60, 61, 62, 64, 65, 67, 69, 70, 71, 73, 74, 77, 78, 79, 82, 84, 95], "excluded_lines": []}, "analyze_spread_timing": {"executed_lines": [], "summary": {"covered_lines": 0, "num_statements": 37, "percent_covered": 0.0, "percent_covered_display": "0", "missing_lines": 37, "excluded_lines": 0}, "missing_lines": [134, 136, 137, 138, 139, 142, 143, 145, 146, 148, 149, 151, 153, 154, 156, 157, 158, 159, 161, 162, 163, 164, 167, 168, 169, 170, 171, 172, 175, 176, 177, 179, 180, 182, 193, 194, 196], "excluded_lines": []}, "summarize_timing_by_spread": {"executed_lines": [], "summary": {"covered_lines": 0, "num_statements": 4, "percent_covered": 0.0, "percent_covered_display": "0", "missing_lines": 4, "excluded_lines": 0}, "missing_lines": [219, 220, 226, 235], "excluded_lines": []}, "analyze_spread_changes": {"executed_lines": [], "summary": {"covered_lines": 0, "num_statements": 6, "percent_covered": 0.0, "percent_covered_display": "0", "missing_lines": 6, "excluded_lines": 0}, "missing_lines": [257, 259, 260, 261, 263, 272], "excluded_lines": []}, "compare_spread_magnitudes": {"executed_lines": [], "summary": {"covered_lines": 0, "num_statements": 11, "percent_covered": 0.0, "percent_covered_display": "0", "missing_lines": 11, "excluded_lines": 0}, "missing_lines": [297, 300, 301, 302, 305, 306, 310, 313, 316, 317, 319], "excluded_lines": []}, "analyze_s1_dominance_by_expiry_cycle": {"executed_lines": [], "summary": {"covered_lines": 0, "num_statements": 27, "percent_covered": 0.0, "percent_covered_display": "0", "missing_lines": 27, "excluded_lines": 0}, "missing_lines": [361, 364, 367, 368, 369, 370, 371, 373, 374, 375, 377, 380, 383, 384, 385, 388, 390, 391, 392, 393, 394, 397, 398, 401, 402, 404, 414], "excluded_lines": []}, "summarize_cross_spread_patterns": {"executed_lines": [], "summary": {"covered_lines": 0, "num_statements": 9, "percent_covered": 0.0, "percent_covered_display": "0", "missing_lines": 9, "excluded_lines": 0}, "missing_lines": [436, 438, 439, 441, 442, 443, 444, 446, 463], "excluded_lines": []}, "": {"executed_lines": [1, 9, 11, 13, 14, 17, 33, 98, 199, 238, 275, 329, 417], "summary": {"covered_lines": 12, "num_statements": 12, "percent_covered": 100.0, "percent_covered_display": "100", "missing_lines": 0, "excluded_lines": 0}, "missing_lines": [], "excluded_lines": []}}, "classes": {"": {"executed_lines": [1, 9, 11, 13, 14, 17, 33, 98, 199, 238, 275, 329, 417], "summary": {"covered_lines": 12, "num_statements": 125, "percent_covered": 9.6, "percent_covered_display": "10", "missing_lines": 113, "excluded_lines": 0}, "missing_lines": [30, 58, 60, 61, 62, 64, 65, 67, 69, 70, 71, 73, 74, 77, 78, 79, 82, 84, 95, 134, 136, 137, 138, 139, 142, 143, 145, 146, 148, 149, 151, 153, 154, 156, 157, 158, 159, 161, 162, 163, 164, 167, 168, 169, 170, 171, 172, 175, 176, 177, 179, 180, 182, 193, 194, 196, 219, 220, 226, 235, 257, 259, 260, 261, 263, 272, 297, 300, 301, 302, 305, 306, 310, 313, 316, 317, 319, 361, 364, 367, 368, 369, 370, 371, 373, 374, 375, 377, 380, 383, 384, 385, 388, 390, 391, 392, 393, 394, 397, 398, 401, 402, 404, 414, 436, 438, 439, 441, 442, 443, 444, 446, 463], "excluded_lines": []}}}, "src/futures_roll_analysis/panel.py": {"executed_lines": [1, 3, 5, 6, 9, 27, 30, 31, 32, 33, 35, 36, 38, 41, 42, 43, 44, 46, 47, 53, 54, 55, 57, 58, 59, 61, 63, 64, 65, 66, 68, 71, 74, 77, 78, 80, 81, 82, 84, 85, 86], "summary": {"covered_lines": 41, "num_statements": 44, "percent_covered": 93.18181818181819, "percent_covered_display": "93", "missing_lines": 3, "excluded_lines": 0}, "missing_lines": [28, 39, 75], "excluded_lines": [], "functions": {"assemble_panel": {"executed_lines": [27, 30, 31, 32, 33, 35, 36, 38, 41, 42, 43, 44, 46, 47, 53, 54, 55, 57, 58, 59, 61, 63, 64, 65, 66, 68], "summary": {"covered_lines": 26, "num_statements": 28, "percent_covered": 92.85714285714286, "percent_covered_display": "93", "missing_lines": 2, "excluded_lines": 0}, "missing_lines": [28, 39], "excluded_lines": []}, "_merge_bucket_meta": {"executed_lines": [74, 77, 78, 80, 84, 85, 86], "summary": {"covered_lines": 7, "num_statements": 8, "percent_covered": 87.5, "percent_covered_display": "88", "missing_lines": 1, "excluded_lines": 0}, "missing_lines": [75], "excluded_lines": []}, "_merge_bucket_meta._first_nonnull": {"executed_lines": [81, 82], "summary": {"covered_lines": 2, "num_statements": 2, "percent_covered": 100.0, "percent_covered_display": "100", "missing_lines": 0, "excluded_lines": 0}, "missing_lines": [], "excluded_lines": []}, "": {"executed_lines": [1, 3, 5, 6, 9, 71], "summary": {"covered_lines": 6, "num_statements": 6, "percent_covered": 100.0, "percent_covered_display": "100", "missing_lines": 0, "excluded_lines": 0}, "missing_lines": [], "excluded_lines": []}}, "classes": {"": {"executed_lines": [1, 3, 5, 6, 9, 27, 30, 31, 32, 33, 35, 36, 38, 41, 42, 43, 44, 46, 47, 53, 54, 55, 57, 58, 59, 61, 63, 64, 65, 66, 68, 71, 74, 77, 78, 80, 81, 82, 84, 85, 86], "summary": {"covered_lines": 41, "num_statements": 44, "percent_covered": 93.18181818181819, "percent_covered_display": "93", "missing_lines": 3, "excluded_lines": 0}, "missing_lines": [28, 39, 75], "excluded_lines": []}}}, "src/futures_roll_analysis/quality.py": {"executed_lines": [1, 3, 4, 5, 6, 8, 9, 11, 14, 15, 16, 17, 18, 19, 20, 21, 22, 25, 26, 28, 31, 62, 128, 139], "summary": {"covered_lines": 23, "num_statements": 91, "percent_covered": 25.274725274725274, "percent_covered_display": "25", "missing_lines": 68, "excluded_lines": 0}, "missing_lines": [29, 34, 35, 37, 38, 40, 41, 42, 43, 45, 46, 48, 49, 50, 52, 53, 54, 60, 63, 64, 71, 72, 73, 75, 76, 77, 78, 79, 80, 81, 82, 83, 91, 92, 96, 97, 98, 100, 101, 102, 103, 104, 105, 106, 107, 108, 109, 110, 111, 114, 116, 129, 130, 131, 132, 133, 134, 135, 136, 137, 140, 141, 142, 143, 144, 145, 146, 147], "excluded_lines": [], "functions": {"DataQualityFilter.__init__": {"executed_lines": [], "summary": {"covered_lines": 0, "num_statements": 1, "percent_covered": 0.0, "percent_covered_display": "0", "missing_lines": 1, "excluded_lines": 0}, "missing_lines": [29], "excluded_lines": []}, "DataQualityFilter.apply": {"executed_lines": [], "summary": {"covered_lines": 0, "num_statements": 17, "percent_covered": 0.0, "percent_covered_display": "0", "missing_lines": 17, "excluded_lines": 0}, "missing_lines": [34, 35, 37, 38, 40, 41, 42, 43, 45, 46, 48, 49, 50, 52, 53, 54, 60], "excluded_lines": []}, "DataQualityFilter._evaluate_contract": {"executed_lines": [], "summary": {"covered_lines": 0, "num_statements": 33, "percent_covered": 0.0, "percent_covered_display": "0", "missing_lines": 33, "excluded_lines": 0}, "missing_lines": [63, 64, 71, 72, 73, 75, 76, 77, 78, 79, 80, 81, 82, 83, 91, 92, 96, 97, 98, 100, 101, 102, 103, 104, 105, 106, 107, 108, 109, 110, 111, 114, 116], "excluded_lines": []}, "DataQualityFilter._trim": {"executed_lines": [], "summary": {"covered_lines": 0, "num_statements": 9, "percent_covered": 0.0, "percent_covered_display": "0", "missing_lines": 9, "excluded_lines": 0}, "missing_lines": [129, 130, 131, 132, 133, 134, 135, 136, 137], "excluded_lines": []}, "_extract_year": {"executed_lines": [], "summary": {"covered_lines": 0, "num_statements": 8, "percent_covered": 0.0, "percent_covered_display": "0", "missing_lines": 8, "excluded_lines": 0}, "missing_lines": [140, 141, 142, 143, 144, 145, 146, 147], "excluded_lines": []}, "": {"executed_lines": [1, 3, 4, 5, 6, 8, 9, 11, 14, 15, 16, 17, 18, 19, 20, 21, 22, 25, 26, 28, 31, 62, 128, 139], "summary": {"covered_lines": 23, "num_statements": 23, "percent_covered": 100.0, "percent_covered_display": "100", "missing_lines": 0, "excluded_lines": 0}, "missing_lines": [], "excluded_lines": []}}, "classes": {"QualityConfig": {"executed_lines": [], "summary": {"covered_lines": 0, "num_statements": 0, "percent_covered": 100.0, "percent_covered_display": "100", "missing_lines": 0, "excluded_lines": 0}, "missing_lines": [], "excluded_lines": []}, "DataQualityFilter": {"executed_lines": [], "summary": {"covered_lines": 0, "num_statements": 60, "percent_covered": 0.0, "percent_covered_display": "0", "missing_lines": 60, "excluded_lines": 0}, "missing_lines": [29, 34, 35, 37, 38, 40, 41, 42, 43, 45, 46, 48, 49, 50, 52, 53, 54, 60, 63, 64, 71, 72, 73, 75, 76, 77, 78, 79, 80, 81, 82, 83, 91, 92, 96, 97, 98, 100, 101, 102, 103, 104, 105, 106, 107, 108, 109, 110, 111, 114, 116, 129, 130, 131, 132, 133, 134, 135, 136, 137], "excluded_lines": []}, "": {"executed_lines": [1, 3, 4, 5, 6, 8, 9, 11, 14, 15, 16, 17, 18, 19, 20, 21, 22, 25, 26, 28, 31, 62, 128, 139], "summary": {"covered_lines": 23, "num_statements": 31, "percent_covered": 74.19354838709677, "percent_covered_display": "74", "missing_lines": 8, "excluded_lines": 0}, "missing_lines": [140, 141, 142, 143, 144, 145, 146, 147], "excluded_lines": []}}}, "src/futures_roll_analysis/reporting.py": {"executed_lines": [1, 3, 4, 5, 6, 8, 9, 11, 12, 15, 16, 17, 18, 19, 20, 21, 22, 23, 24, 25, 26, 27, 28, 31, 34, 35, 36, 37, 38, 40, 41, 42, 43, 47, 48, 52, 54, 55, 56, 57, 58, 61, 62, 63, 64, 65, 66, 67, 68, 69, 71, 72, 73, 74, 75, 76, 77, 78, 79, 80, 81, 82, 83, 84, 85, 86, 87, 88, 89, 90, 91, 92, 93, 94, 96, 112, 113, 114, 115, 116, 137, 138, 141, 142, 143, 144, 149, 156, 157, 162, 168, 174, 178, 179, 182, 183, 184, 185, 186, 187, 188, 190, 191, 192, 193, 194, 195, 196, 198, 219, 220, 221, 222, 224, 225, 226, 227, 228, 229, 230, 231, 238, 239, 240, 241, 242, 243, 244, 252, 256, 257, 258, 259, 260, 261, 262, 265, 266, 267, 268, 269, 273, 287, 293, 306, 307, 309, 310, 311, 336, 337, 340, 341, 342, 343, 344, 368, 369, 372, 373, 374, 378, 384, 389, 392, 393, 394, 399, 453, 454, 455, 456, 457, 461, 468, 470, 471, 472, 473, 474, 481, 487, 490, 491, 493, 497, 523, 524, 533, 541, 544, 545, 546], "summary": {"covered_lines": 193, "num_statements": 216, "percent_covered": 89.35185185185185, "percent_covered_display": "89", "missing_lines": 23, "excluded_lines": 0}, "missing_lines": [45, 50, 155, 167, 169, 253, 254, 308, 338, 370, 401, 402, 403, 405, 406, 407, 409, 414, 418, 425, 444, 450, 492], "excluded_lines": [], "functions": {"generate_report": {"executed_lines": [34, 35, 36, 37, 38, 40, 41, 42, 43, 47, 48, 52, 54, 55, 56, 57, 58], "summary": {"covered_lines": 17, "num_statements": 19, "percent_covered": 89.47368421052632, "percent_covered_display": "89", "missing_lines": 2, "excluded_lines": 0}, "missing_lines": [45, 50], "excluded_lines": []}, "_summaries": {"executed_lines": [62, 63, 64, 65, 66, 67, 68, 69, 71, 72, 73, 74, 75, 76, 77, 78, 79, 80, 81, 82, 83, 84, 85, 86, 87, 88, 89, 90, 91, 92, 93, 94, 96], "summary": {"covered_lines": 33, "num_statements": 33, "percent_covered": 100.0, "percent_covered_display": "100", "missing_lines": 0, "excluded_lines": 0}, "missing_lines": [], "excluded_lines": []}, "_wrap_document": {"executed_lines": [113, 114, 115, 116, 137, 138], "summary": {"covered_lines": 6, "num_statements": 6, "percent_covered": 100.0, "percent_covered_display": "100", "missing_lines": 0, "excluded_lines": 0}, "missing_lines": [], "excluded_lines": []}, "_exec_summary": {"executed_lines": [142, 143, 144, 149, 156, 157, 162, 168, 174, 178, 179], "summary": {"covered_lines": 11, "num_statements": 14, "percent_covered": 78.57142857142857, "percent_covered_display": "79", "missing_lines": 3, "excluded_lines": 0}, "missing_lines": [155, 167, 169], "excluded_lines": []}, "_methodology_section": {"executed_lines": [183, 184, 185, 186, 187, 188, 190, 191, 192, 193, 194, 195, 196, 198], "summary": {"covered_lines": 14, "num_statements": 14, "percent_covered": 100.0, "percent_covered_display": "100", "missing_lines": 0, "excluded_lines": 0}, "missing_lines": [], "excluded_lines": []}, "_data_coverage_section": {"executed_lines": [220, 221, 222, 224, 225, 226, 227, 228, 229, 230, 231, 238, 239, 240, 241, 242, 243, 244, 252, 256, 257, 258, 259, 260, 261, 262], "summary": {"covered_lines": 26, "num_statements": 28, "percent_covered": 92.85714285714286, "percent_covered_display": "93", "missing_lines": 2, "excluded_lines": 0}, "missing_lines": [253, 254], "excluded_lines": []}, "_hourly_section": {"executed_lines": [266, 267, 268, 269, 273, 287, 293], "summary": {"covered_lines": 7, "num_statements": 7, "percent_covered": 100.0, "percent_covered_display": "100", "missing_lines": 0, "excluded_lines": 0}, "missing_lines": [], "excluded_lines": []}, "_session_chart": {"executed_lines": [307, 309, 310, 311], "summary": {"covered_lines": 4, "num_statements": 5, "percent_covered": 80.0, "percent_covered_display": "80", "missing_lines": 1, "excluded_lines": 0}, "missing_lines": [308], "excluded_lines": []}, "_spread_chart": {"executed_lines": [337, 340, 341, 342, 343, 344], "summary": {"covered_lines": 6, "num_statements": 7, "percent_covered": 85.71428571428571, "percent_covered_display": "86", "missing_lines": 1, "excluded_lines": 0}, "missing_lines": [338], "excluded_lines": []}, "_multi_spread_section": {"executed_lines": [369, 372, 373, 374, 378, 384, 389], "summary": {"covered_lines": 7, "num_statements": 8, "percent_covered": 87.5, "percent_covered_display": "88", "missing_lines": 1, "excluded_lines": 0}, "missing_lines": [370], "excluded_lines": []}, "_timing_section": {"executed_lines": [393, 394, 399], "summary": {"covered_lines": 3, "num_statements": 15, "percent_covered": 20.0, "percent_covered_display": "20", "missing_lines": 12, "excluded_lines": 0}, "missing_lines": [401, 402, 403, 405, 406, 407, 409, 414, 418, 425, 444, 450], "excluded_lines": []}, "_daily_section": {"executed_lines": [454, 455, 456, 457, 461, 468, 470, 471, 472, 473, 474, 481, 487], "summary": {"covered_lines": 13, "num_statements": 13, "percent_covered": 100.0, "percent_covered_display": "100", "missing_lines": 0, "excluded_lines": 0}, "missing_lines": [], "excluded_lines": []}, "_daily_timeline_plot": {"executed_lines": [491, 493, 497], "summary": {"covered_lines": 3, "num_statements": 4, "percent_covered": 75.0, "percent_covered_display": "75", "missing_lines": 1, "excluded_lines": 0}, "missing_lines": [492], "excluded_lines": []}, "_quality_and_recs": {"executed_lines": [524, 533, 541], "summary": {"covered_lines": 3, "num_statements": 3, "percent_covered": 100.0, "percent_covered_display": "100", "missing_lines": 0, "excluded_lines": 0}, "missing_lines": [], "excluded_lines": []}, "_simple_table": {"executed_lines": [545, 546], "summary": {"covered_lines": 2, "num_statements": 2, "percent_covered": 100.0, "percent_covered_display": "100", "missing_lines": 0, "excluded_lines": 0}, "missing_lines": [], "excluded_lines": []}, "": {"executed_lines": [1, 3, 4, 5, 6, 8, 9, 11, 12, 15, 16, 17, 18, 19, 20, 21, 22, 23, 24, 25, 26, 27, 28, 31, 61, 112, 141, 182, 219, 265, 306, 336, 368, 392, 453, 490, 523, 544], "summary": {"covered_lines": 38, "num_statements": 38, "percent_covered": 100.0, "percent_covered_display": "100", "missing_lines": 0, "excluded_lines": 0}, "missing_lines": [], "excluded_lines": []}}, "classes": {"SummaryStats": {"executed_lines": [], "summary": {"covered_lines": 0, "num_statements": 0, "percent_covered": 100.0, "percent_covered_display": "100", "missing_lines": 0, "excluded_lines": 0}, "missing_lines": [], "excluded_lines": []}, "": {"executed_lines": [1, 3, 4, 5, 6, 8, 9, 11, 12, 15, 16, 17, 18, 19, 20, 21, 22, 23, 24, 25, 26, 27, 28, 31, 34, 35, 36, 37, 38, 40, 41, 42, 43, 47, 48, 52, 54, 55, 56, 57, 58, 61, 62, 63, 64, 65, 66, 67, 68, 69, 71, 72, 73, 74, 75, 76, 77, 78, 79, 80, 81, 82, 83, 84, 85, 86, 87, 88, 89, 90, 91, 92, 93, 94, 96, 112, 113, 114, 115, 116, 137, 138, 141, 142, 143, 144, 149, 156, 157, 162, 168, 174, 178, 179, 182, 183, 184, 185, 186, 187, 188, 190, 191, 192, 193, 194, 195, 196, 198, 219, 220, 221, 222, 224, 225, 226, 227, 228, 229, 230, 231, 238, 239, 240, 241, 242, 243, 244, 252, 256, 257, 258, 259, 260, 261, 262, 265, 266, 267, 268, 269, 273, 287, 293, 306, 307, 309, 310, 311, 336, 337, 340, 341, 342, 343, 344, 368, 369, 372, 373, 374, 378, 384, 389, 392, 393, 394, 399, 453, 454, 455, 456, 457, 461, 468, 470, 471, 472, 473, 474, 481, 487, 490, 491, 493, 497, 523, 524, 533, 541, 544, 545, 546], "summary": {"covered_lines": 193, "num_statements": 216, "percent_covered": 89.35185185185185, "percent_covered_display": "89", "missing_lines": 23, "excluded_lines": 0}, "missing_lines": [45, 50, 155, 167, 169, 253, 254, 308, 338, 370, 401, 402, 403, 405, 406, 407, 409, 414, 418, 425, 444, 450, 492], "excluded_lines": []}}}, "src/futures_roll_analysis/results.py": {"executed_lines": [1, 3, 4, 6, 9, 10, 11, 12, 13, 14, 15, 16, 17, 18, 19, 20, 21, 22, 23, 24, 25, 28, 29, 30, 31, 32, 33, 34, 35, 36, 37, 38, 39, 42, 43, 44, 45], "summary": {"covered_lines": 37, "num_statements": 37, "percent_covered": 100.0, "percent_covered_display": "100", "missing_lines": 0, "excluded_lines": 0}, "missing_lines": [], "excluded_lines": [], "functions": {"": {"executed_lines": [1, 3, 4, 6, 9, 10, 11, 12, 13, 14, 15, 16, 17, 18, 19, 20, 21, 22, 23, 24, 25, 28, 29, 30, 31, 32, 33, 34, 35, 36, 37, 38, 39, 42, 43, 44, 45], "summary": {"covered_lines": 37, "num_statements": 37, "percent_covered": 100.0, "percent_covered_display": "100", "missing_lines": 0, "excluded_lines": 0}, "missing_lines": [], "excluded_lines": []}}, "classes": {"BucketAnalysisResult": {"executed_lines": [], "summary": {"covered_lines": 0, "num_statements": 0, "percent_covered": 100.0, "percent_covered_display": "100", "missing_lines": 0, "excluded_lines": 0}, "missing_lines": [], "excluded_lines": []}, "DailyAnalysisResult": {"executed_lines": [], "summary": {"covered_lines": 0, "num_statements": 0, "percent_covered": 100.0, "percent_covered_display": "100", "missing_lines": 0, "excluded_lines": 0}, "missing_lines": [], "excluded_lines": []}, "AnalysisBundle": {"executed_lines": [], "summary": {"covered_lines": 0, "num_statements": 0, "percent_covered": 100.0, "percent_covered_display": "100", "missing_lines": 0, "excluded_lines": 0}, "missing_lines": [], "excluded_lines": []}, "": {"executed_lines": [1, 3, 4, 6, 9, 10, 11, 12, 13, 14, 15, 16, 17, 18, 19, 20, 21, 22, 23, 24, 25, 28, 29, 30, 31, 32, 33, 34, 35, 36, 37, 38, 39, 42, 43, 44, 45], "summary": {"covered_lines": 37, "num_statements": 37, "percent_covered": 100.0, "percent_covered_display": "100", "missing_lines": 0, "excluded_lines": 0}, "missing_lines": [], "excluded_lines": []}}}, "src/futures_roll_analysis/rolls.py": {"executed_lines": [1, 3, 5, 6, 8, 10, 32, 64, 65, 68, 69, 71, 72, 74, 76, 79, 81, 82, 85, 86, 87, 88, 90, 91, 94, 95, 97, 98, 99, 102, 130, 137, 140, 180, 252, 291, 352], "summary": {"covered_lines": 37, "num_statements": 136, "percent_covered": 27.205882352941178, "percent_covered_display": "27", "missing_lines": 99, "excluded_lines": 0}, "missing_lines": [22, 23, 25, 26, 28, 29, 89, 148, 153, 154, 156, 157, 159, 160, 161, 163, 164, 166, 167, 169, 170, 171, 172, 173, 174, 176, 177, 205, 210, 211, 213, 216, 217, 219, 222, 223, 224, 226, 227, 229, 230, 232, 233, 235, 236, 238, 239, 240, 241, 242, 243, 245, 246, 248, 249, 262, 267, 268, 270, 271, 273, 274, 275, 277, 278, 279, 280, 281, 282, 284, 285, 286, 287, 288, 317, 322, 323, 325, 327, 330, 332, 333, 335, 336, 338, 339, 340, 342, 343, 344, 346, 353, 354, 355, 356, 357, 358, 359, 360], "excluded_lines": [], "functions": {"build_expiry_map": {"executed_lines": [], "summary": {"covered_lines": 0, "num_statements": 6, "percent_covered": 0.0, "percent_covered_display": "0", "missing_lines": 6, "excluded_lines": 0}, "missing_lines": [22, 23, 25, 26, 28, 29], "excluded_lines": []}, "identify_front_to_f12": {"executed_lines": [64, 65, 68, 69, 71, 72, 74, 76, 79, 81, 82, 85, 86, 87, 88, 90, 91, 94, 95, 97, 98, 99], "summary": {"covered_lines": 22, "num_statements": 23, "percent_covered": 95.65217391304348, "percent_covered_display": "96", "missing_lines": 1, "excluded_lines": 0}, "missing_lines": [89], "excluded_lines": []}, "identify_front_next": {"executed_lines": [130, 137], "summary": {"covered_lines": 2, "num_statements": 2, "percent_covered": 100.0, "percent_covered_display": "100", "missing_lines": 0, "excluded_lines": 0}, "missing_lines": [], "excluded_lines": []}, "compute_spread": {"executed_lines": [], "summary": {"covered_lines": 0, "num_statements": 20, "percent_covered": 0.0, "percent_covered_display": "0", "missing_lines": 20, "excluded_lines": 0}, "missing_lines": [148, 153, 154, 156, 157, 159, 160, 161, 163, 164, 166, 167, 169, 170, 171, 172, 173, 174, 176, 177], "excluded_lines": []}, "compute_multi_spreads": {"executed_lines": [], "summary": {"covered_lines": 0, "num_statements": 28, "percent_covered": 0.0, "percent_covered_display": "0", "missing_lines": 28, "excluded_lines": 0}, "missing_lines": [205, 210, 211, 213, 216, 217, 219, 222, 223, 224, 226, 227, 229, 230, 232, 233, 235, 236, 238, 239, 240, 241, 242, 243, 245, 246, 248, 249], "excluded_lines": []}, "compute_liquidity_signal": {"executed_lines": [], "summary": {"covered_lines": 0, "num_statements": 19, "percent_covered": 0.0, "percent_covered_display": "0", "missing_lines": 19, "excluded_lines": 0}, "missing_lines": [262, 267, 268, 270, 271, 273, 274, 275, 277, 278, 279, 280, 281, 282, 284, 285, 286, 287, 288], "excluded_lines": []}, "extract_front_next_volumes": {"executed_lines": [], "summary": {"covered_lines": 0, "num_statements": 17, "percent_covered": 0.0, "percent_covered_display": "0", "missing_lines": 17, "excluded_lines": 0}, "missing_lines": [317, 322, 323, 325, 327, 330, 332, 333, 335, 336, 338, 339, 340, 342, 343, 344, 346], "excluded_lines": []}, "_extract_field": {"executed_lines": [], "summary": {"covered_lines": 0, "num_statements": 8, "percent_covered": 0.0, "percent_covered_display": "0", "missing_lines": 8, "excluded_lines": 0}, "missing_lines": [353, 354, 355, 356, 357, 358, 359, 360], "excluded_lines": []}, "": {"executed_lines": [1, 3, 5, 6, 8, 10, 32, 102, 140, 180, 252, 291, 352], "summary": {"covered_lines": 13, "num_statements": 13, "percent_covered": 100.0, "percent_covered_display": "100", "missing_lines": 0, "excluded_lines": 0}, "missing_lines": [], "excluded_lines": []}}, "classes": {"": {"executed_lines": [1, 3, 5, 6, 8, 10, 32, 64, 65, 68, 69, 71, 72, 74, 76, 79, 81, 82, 85, 86, 87, 88, 90, 91, 94, 95, 97, 98, 99, 102, 130, 137, 140, 180, 252, 291, 352], "summary": {"covered_lines": 37, "num_statements": 136, "percent_covered": 27.205882352941178, "percent_covered_display": "27", "missing_lines": 99, "excluded_lines": 0}, "missing_lines": [22, 23, 25, 26, 28, 29, 89, 148, 153, 154, 156, 157, 159, 160, 161, 163, 164, 166, 167, 169, 170, 171, 172, 173, 174, 176, 177, 205, 210, 211, 213, 216, 217, 219, 222, 223, 224, 226, 227, 229, 230, 232, 233, 235, 236, 238, 239, 240, 241, 242, 243, 245, 246, 248, 249, 262, 267, 268, 270, 271, 273, 274, 275, 277, 278, 279, 280, 281, 282, 284, 285, 286, 287, 288, 317, 322, 323, 325, 327, 330, 332, 333, 335, 336, 338, 339, 340, 342, 343, 344, 346, 353, 354, 355, 356, 357, 358, 359, 360], "excluded_lines": []}}}, "src/futures_roll_analysis/spreads.py": {"executed_lines": [1, 3, 5, 6, 9, 36, 49, 50, 52, 53, 55, 57, 58, 59, 60, 61, 62, 66, 72, 74, 75, 76, 78, 87, 100, 109, 112, 115, 118, 119, 121, 122, 123, 124, 127, 138, 143, 149, 150, 151, 152, 155, 156, 157, 158, 159, 162, 165, 166, 168, 169], "summary": {"covered_lines": 51, "num_statements": 59, "percent_covered": 86.44067796610169, "percent_covered_display": "86", "missing_lines": 8, "excluded_lines": 0}, "missing_lines": [37, 54, 110, 116, 120, 139, 144, 167], "excluded_lines": [], "functions": {"summarize_strip_dominance": {"executed_lines": [36, 49, 50, 52, 53, 55, 57, 58, 59, 60, 61, 62, 66, 72, 74, 75, 76, 78, 87], "summary": {"covered_lines": 19, "num_statements": 21, "percent_covered": 90.47619047619048, "percent_covered_display": "90", "missing_lines": 2, "excluded_lines": 0}, "missing_lines": [37, 54], "excluded_lines": []}, "filter_expiry_dominance_events": {"executed_lines": [109, 112, 115, 118, 119, 121, 122, 123, 124], "summary": {"covered_lines": 9, "num_statements": 12, "percent_covered": 75.0, "percent_covered_display": "75", "missing_lines": 3, "excluded_lines": 0}, "missing_lines": [110, 116, 120], "excluded_lines": []}, "_determine_open_days": {"executed_lines": [138, 143, 149, 150, 151, 152, 155, 156, 157, 158, 159, 162], "summary": {"covered_lines": 12, "num_statements": 14, "percent_covered": 85.71428571428571, "percent_covered_display": "86", "missing_lines": 2, "excluded_lines": 0}, "missing_lines": [139, 144], "excluded_lines": []}, "_business_days_to_expiry": {"executed_lines": [166, 168, 169], "summary": {"covered_lines": 3, "num_statements": 4, "percent_covered": 75.0, "percent_covered_display": "75", "missing_lines": 1, "excluded_lines": 0}, "missing_lines": [167], "excluded_lines": []}, "": {"executed_lines": [1, 3, 5, 6, 9, 100, 127, 165], "summary": {"covered_lines": 8, "num_statements": 8, "percent_covered": 100.0, "percent_covered_display": "100", "missing_lines": 0, "excluded_lines": 0}, "missing_lines": [], "excluded_lines": []}}, "classes": {"": {"executed_lines": [1, 3, 5, 6, 9, 36, 49, 50, 52, 53, 55, 57, 58, 59, 60, 61, 62, 66, 72, 74, 75, 76, 78, 87, 100, 109, 112, 115, 118, 119, 121, 122, 123, 124, 127, 138, 143, 149, 150, 151, 152, 155, 156, 157, 158, 159, 162, 165, 166, 168, 169], "summary": {"covered_lines": 51, "num_statements": 59, "percent_covered": 86.44067796610169, "percent_covered_display": "86", "missing_lines": 8, "excluded_lines": 0}, "missing_lines": [37, 54, 110, 116, 120, 139, 144, 167], "excluded_lines": []}}}, "src/futures_roll_analysis/trading_days.py": {"executed_lines": [1, 3, 4, 5, 7, 8, 10, 13, 14, 15, 16, 19, 35, 36, 39, 40, 41, 42, 43, 44, 47, 48, 51, 52, 53, 55, 56, 58, 60, 62, 63, 65, 66, 67, 71, 75, 78, 83, 85, 86, 88, 89, 91, 92, 93, 94, 95, 96, 97, 98, 99, 100, 101, 102, 117, 118, 121, 152, 188, 194, 196, 199, 200, 201, 203, 206, 207, 210, 211, 214, 215, 217, 218, 219, 220, 222, 223, 225, 227, 228, 229, 230, 232, 233, 234, 235, 237, 240, 250, 253, 254, 257, 258, 259, 262, 263, 264, 267, 268, 270, 271, 273, 276, 287, 288, 291, 292, 293, 294, 296, 299, 312, 313, 314, 316, 317, 318, 319, 320, 321, 322, 323, 324, 325, 327, 332, 335, 350, 354, 355, 357, 358, 360, 368, 369, 370, 371, 372, 374, 383, 388, 389, 391, 392, 394, 395, 397, 398, 399, 401, 405, 407, 409, 414, 415, 417, 418, 419, 420, 421, 422, 423, 424, 425, 426, 427, 429, 430, 432, 433, 436, 438, 439, 440, 444, 445, 447, 448, 450, 451, 453, 454, 455, 456, 457, 458, 459, 460, 461, 465, 473, 474, 475, 477, 478, 479, 480, 482, 484, 485, 486, 488, 489, 491, 493, 500, 503, 504, 505, 506, 508, 509, 511, 513, 515, 516, 518, 520, 521, 522, 524, 525, 526, 530, 531, 533, 534, 536, 542], "summary": {"covered_lines": 229, "num_statements": 301, "percent_covered": 76.0797342192691, "percent_covered_display": "76", "missing_lines": 72, "excluded_lines": 0}, "missing_lines": [37, 49, 57, 68, 69, 79, 109, 110, 111, 112, 113, 114, 115, 128, 129, 131, 133, 141, 142, 143, 148, 149, 174, 175, 176, 177, 178, 179, 180, 181, 182, 183, 184, 185, 202, 208, 212, 251, 255, 269, 272, 289, 297, 328, 329, 330, 351, 352, 361, 362, 363, 364, 365, 366, 402, 434, 442, 463, 481, 483, 487, 494, 495, 496, 497, 498, 510, 517, 527, 528, 529, 537], "excluded_lines": [], "functions": {"_ensure_paths": {"executed_lines": [14, 15, 16], "summary": {"covered_lines": 3, "num_statements": 3, "percent_covered": 100.0, "percent_covered_display": "100", "missing_lines": 0, "excluded_lines": 0}, "missing_lines": [], "excluded_lines": []}, "load_calendar": {"executed_lines": [35, 36, 39, 40, 41, 42, 43, 44, 47, 48, 51, 52, 53, 55, 56, 58, 60, 62, 63, 65, 66, 67, 71, 75, 78, 83, 85, 86, 88, 89, 91, 92, 93, 94, 95, 96, 97, 98, 99, 100, 101, 102, 117, 118], "summary": {"covered_lines": 44, "num_statements": 57, "percent_covered": 77.19298245614036, "percent_covered_display": "77", "missing_lines": 13, "excluded_lines": 0}, "missing_lines": [37, 49, 57, 68, 69, 79, 109, 110, 111, 112, 113, 114, 115], "excluded_lines": []}, "load_calendar_hierarchy": {"executed_lines": [], "summary": {"covered_lines": 0, "num_statements": 9, "percent_covered": 0.0, "percent_covered_display": "0", "missing_lines": 9, "excluded_lines": 0}, "missing_lines": [128, 129, 131, 133, 141, 142, 143, 148, 149], "excluded_lines": []}, "trading_day_index": {"executed_lines": [], "summary": {"covered_lines": 0, "num_statements": 12, "percent_covered": 0.0, "percent_covered_display": "0", "missing_lines": 12, "excluded_lines": 0}, "missing_lines": [174, 175, 176, 177, 178, 179, 180, 181, 182, 183, 184, 185], "excluded_lines": []}, "map_to_trading_date": {"executed_lines": [194, 196], "summary": {"covered_lines": 2, "num_statements": 2, "percent_covered": 100.0, "percent_covered_display": "100", "missing_lines": 0, "excluded_lines": 0}, "missing_lines": [], "excluded_lines": []}, "_normalize_index": {"executed_lines": [200, 201, 203], "summary": {"covered_lines": 3, "num_statements": 4, "percent_covered": 75.0, "percent_covered_display": "75", "missing_lines": 1, "excluded_lines": 0}, "missing_lines": [202], "excluded_lines": []}, "_extract_total_volume": {"executed_lines": [207, 210, 211, 214, 215, 217, 218, 219, 220, 222, 223, 225, 227, 228, 229, 230, 232, 233, 234, 235, 237], "summary": {"covered_lines": 21, "num_statements": 23, "percent_covered": 91.30434782608695, "percent_covered_display": "91", "missing_lines": 2, "excluded_lines": 0}, "missing_lines": [208, 212], "excluded_lines": []}, "_compute_hours_to_expiry": {"executed_lines": [250, 253, 254, 257, 258, 259, 262, 263, 264], "summary": {"covered_lines": 9, "num_statements": 11, "percent_covered": 81.81818181818181, "percent_covered_display": "82", "missing_lines": 2, "excluded_lines": 0}, "missing_lines": [251, 255], "excluded_lines": []}, "_quantile_safe": {"executed_lines": [268, 270, 271, 273], "summary": {"covered_lines": 4, "num_statements": 6, "percent_covered": 66.66666666666667, "percent_covered_display": "67", "missing_lines": 2, "excluded_lines": 0}, "missing_lines": [269, 272], "excluded_lines": []}, "compute_dynamic_volume_threshold": {"executed_lines": [287, 288, 291, 292, 293, 294, 296, 299, 312, 313, 314, 316, 317, 318, 319, 320, 321, 322, 323, 324, 325, 327, 332], "summary": {"covered_lines": 23, "num_statements": 28, "percent_covered": 82.14285714285714, "percent_covered_display": "82", "missing_lines": 5, "excluded_lines": 0}, "missing_lines": [289, 297, 328, 329, 330], "excluded_lines": []}, "compute_business_days": {"executed_lines": [350, 354, 355, 357, 358, 360, 368, 369, 370, 371, 372, 374, 383, 388, 389, 391, 392, 394, 395, 397, 398, 399, 401, 405, 407, 409, 414, 415, 417, 418, 419, 420, 421, 422, 423, 424, 425, 426, 427, 429, 430, 432, 433, 436, 438, 439, 440, 444, 445, 447, 448, 450, 451, 453, 454, 455, 456, 457, 458, 459, 460, 461, 465, 473, 474, 475, 477, 489, 491, 493, 500], "summary": {"covered_lines": 71, "num_statements": 88, "percent_covered": 80.68181818181819, "percent_covered_display": "81", "missing_lines": 17, "excluded_lines": 0}, "missing_lines": [351, 352, 361, 362, 363, 364, 365, 366, 402, 434, 442, 463, 494, 495, 496, 497, 498], "excluded_lines": []}, "compute_business_days._reason": {"executed_lines": [478, 479, 480, 482, 484, 485, 486, 488], "summary": {"covered_lines": 8, "num_statements": 11, "percent_covered": 72.72727272727273, "percent_covered_display": "73", "missing_lines": 3, "excluded_lines": 0}, "missing_lines": [481, 483, 487], "excluded_lines": []}, "business_day_gaps": {"executed_lines": [504, 505, 506, 508, 509, 511, 513, 515, 516, 518, 520, 521, 522, 524, 525, 526, 530, 531, 533, 534, 536, 542], "summary": {"covered_lines": 22, "num_statements": 28, "percent_covered": 78.57142857142857, "percent_covered_display": "79", "missing_lines": 6, "excluded_lines": 0}, "missing_lines": [510, 517, 527, 528, 529, 537], "excluded_lines": []}, "": {"executed_lines": [1, 3, 4, 5, 7, 8, 10, 13, 19, 121, 152, 188, 199, 206, 240, 267, 276, 335, 503], "summary": {"covered_lines": 19, "num_statements": 19, "percent_covered": 100.0, "percent_covered_display": "100", "missing_lines": 0, "excluded_lines": 0}, "missing_lines": [], "excluded_lines": []}}, "classes": {"": {"executed_lines": [1, 3, 4, 5, 7, 8, 10, 13, 14, 15, 16, 19, 35, 36, 39, 40, 41, 42, 43, 44, 47, 48, 51, 52, 53, 55, 56, 58, 60, 62, 63, 65, 66, 67, 71, 75, 78, 83, 85, 86, 88, 89, 91, 92, 93, 94, 95, 96, 97, 98, 99, 100, 101, 102, 117, 118, 121, 152, 188, 194, 196, 199, 200, 201, 203, 206, 207, 210, 211, 214, 215, 217, 218, 219, 220, 222, 223, 225, 227, 228, 229, 230, 232, 233, 234, 235, 237, 240, 250, 253, 254, 257, 258, 259, 262, 263, 264, 267, 268, 270, 271, 273, 276, 287, 288, 291, 292, 293, 294, 296, 299, 312, 313, 314, 316, 317, 318, 319, 320, 321, 322, 323, 324, 325, 327, 332, 335, 350, 354, 355, 357, 358, 360, 368, 369, 370, 371, 372, 374, 383, 388, 389, 391, 392, 394, 395, 397, 398, 399, 401, 405, 407, 409, 414, 415, 417, 418, 419, 420, 421, 422, 423, 424, 425, 426, 427, 429, 430, 432, 433, 436, 438, 439, 440, 444, 445, 447, 448, 450, 451, 453, 454, 455, 456, 457, 458, 459, 460, 461, 465, 473, 474, 475, 477, 478, 479, 480, 482, 484, 485, 486, 488, 489, 491, 493, 500, 503, 504, 505, 506, 508, 509, 511, 513, 515, 516, 518, 520, 521, 522, 524, 525, 526, 530, 531, 533, 534, 536, 542], "summary": {"covered_lines": 229, "num_statements": 301, "percent_covered": 76.0797342192691, "percent_covered_display": "76", "missing_lines": 72, "excluded_lines": 0}, "missing_lines": [37, 49, 57, 68, 69, 79, 109, 110, 111, 112, 113, 114, 115, 128, 129, 131, 133, 141, 142, 143, 148, 149, 174, 175, 176, 177, 178, 179, 180, 181, 182, 183, 184, 185, 202, 208, 212, 251, 255, 269, 272, 289, 297, 328, 329, 330, 351, 352, 361, 362, 363, 364, 365, 366, 402, 434, 442, 463, 481, 483, 487, 494, 495, 496, 497, 498, 510, 517, 527, 528, 529, 537], "excluded_lines": []}}}, "src/futures_roll_analysis/unified_cli.py": {"executed_lines": [], "summary": {"covered_lines": 0, "num_statements": 107, "percent_covered": 0.0, "percent_covered_display": "0", "missing_lines": 107, "excluded_lines": 0}, "missing_lines": [9, 11, 12, 13, 14, 15, 16, 17, 19, 21, 22, 23, 24, 26, 29, 31, 37, 38, 39, 40, 41, 42, 43, 46, 49, 54, 55, 57, 58, 59, 60, 61, 62, 64, 65, 66, 68, 69, 70, 72, 73, 74, 75, 77, 80, 82, 87, 88, 89, 91, 92, 93, 94, 97, 99, 100, 101, 102, 103, 111, 112, 113, 114, 116, 117, 118, 119, 120, 121, 122, 123, 124, 125, 126, 128, 131, 132, 135, 137, 142, 143, 146, 151, 157, 162, 166, 170, 174, 179, 184, 189, 195, 201, 206, 211, 216, 221, 227, 234, 237, 238, 239, 240, 242, 243, 246, 247], "excluded_lines": [], "functions": {"analyze_command": {"executed_lines": [], "summary": {"covered_lines": 0, "num_statements": 29, "percent_covered": 0.0, "percent_covered_display": "0", "missing_lines": 29, "excluded_lines": 0}, "missing_lines": [31, 37, 38, 39, 40, 41, 42, 43, 46, 49, 54, 55, 57, 58, 59, 60, 61, 62, 64, 65, 66, 68, 69, 70, 72, 73, 74, 75, 77], "excluded_lines": []}, "organize_command": {"executed_lines": [], "summary": {"covered_lines": 0, "num_statements": 32, "percent_covered": 0.0, "percent_covered_display": "0", "missing_lines": 32, "excluded_lines": 0}, "missing_lines": [82, 87, 88, 89, 91, 92, 93, 94, 97, 99, 100, 101, 102, 103, 111, 112, 113, 114, 116, 117, 118, 119, 120, 121, 122, 123, 124, 125, 126, 128, 131, 132], "excluded_lines": []}, "main": {"executed_lines": [], "summary": {"covered_lines": 0, "num_statements": 27, "percent_covered": 0.0, "percent_covered_display": "0", "missing_lines": 27, "excluded_lines": 0}, "missing_lines": [137, 142, 143, 146, 151, 157, 162, 166, 170, 174, 179, 184, 189, 195, 201, 206, 211, 216, 221, 227, 234, 237, 238, 239, 240, 242, 243], "excluded_lines": []}, "": {"executed_lines": [], "summary": {"covered_lines": 0, "num_statements": 19, "percent_covered": 0.0, "percent_covered_display": "0", "missing_lines": 19, "excluded_lines": 0}, "missing_lines": [9, 11, 12, 13, 14, 15, 16, 17, 19, 21, 22, 23, 24, 26, 29, 80, 135, 246, 247], "excluded_lines": []}}, "classes": {"": {"executed_lines": [], "summary": {"covered_lines": 0, "num_statements": 107, "percent_covered": 0.0, "percent_covered_display": "0", "missing_lines": 107, "excluded_lines": 0}, "missing_lines": [9, 11, 12, 13, 14, 15, 16, 17, 19, 21, 22, 23, 24, 26, 29, 31, 37, 38, 39, 40, 41, 42, 43, 46, 49, 54, 55, 57, 58, 59, 60, 61, 62, 64, 65, 66, 68, 69, 70, 72, 73, 74, 75, 77, 80, 82, 87, 88, 89, 91, 92, 93, 94, 97, 99, 100, 101, 102, 103, 111, 112, 113, 114, 116, 117, 118, 119, 120, 121, 122, 123, 124, 125, 126, 128, 131, 132, 135, 137, 142, 143, 146, 151, 157, 162, 166, 170, 174, 179, 184, 189, 195, 201, 206, 211, 216, 221, 227, 234, 237, 238, 239, 240, 242, 243, 246, 247], "excluded_lines": []}}}}, "totals": {"covered_lines": 932, "num_statements": 2105, "percent_covered": 44.27553444180523, "percent_covered_display": "44", "missing_lines": 1173, "excluded_lines": 10}}